8620 8710
block_0 400 250 0 750 400 1000
block_1 500 400 0 1900 500 2300
block_2 500 400 0 1500 500 1900
block_3 400 500 500 0 900 500
block_4 320 625 900 0 1220 625
block_5 400 500 1250 1500 1650 2000
block_6 600 500 800 4600 1400 5100
block_7 400 750 800 750 1200 1500
block_8 600 500 2745 800 3345 1300
block_9 400 750 4620 1250 5020 2000
block_10 400 750 3245 0 3645 750
block_11 500 600 0 0 500 600
block_12 400 750 2000 750 2400 1500
block_13 500 600 2245 0 2745 600
block_14 400 750 1845 0 2245 750
block_15 800 500 0 6975 800 7475
block_16 800 500 0 1000 800 1500
block_17 800 500 2125 4300 2925 4800
block_18 800 500 3995 750 4795 1250
block_19 500 800 1625 3800 2125 4600
block_20 800 500 0 7475 800 7975
block_21 625 640 1220 0 1845 640
block_22 800 500 2125 3800 2925 4300
block_23 640 625 2745 1300 3385 1925
block_24 800 500 4150 8060 4950 8560
block_25 400 1000 6020 2760 6420 3760
block_26 800 500 0 4600 800 5100
block_27 800 500 0 5850 800 6350
block_28 800 500 2125 4800 2925 5300
block_29 500 800 2745 0 3245 800
block_30 800 625 0 5100 800 5725
block_31 500 1000 7395 6160 7895 7160
block_32 1000 500 7420 2760 8420 3260
block_33 800 625 0 6350 800 6975
block_34 625 800 3995 1250 4620 2050
block_35 625 800 2745 2725 3370 3525
block_36 1000 500 6420 2760 7420 3260
block_37 800 625 1650 1500 2450 2125
block_38 1000 500 800 7450 1800 7950
block_39 500 1000 7120 1760 7620 2760
block_40 625 800 3370 1925 3995 2725
block_41 1000 500 5020 960 6020 1460
block_42 500 1000 6620 1760 7120 2760
block_43 625 800 2745 1925 3370 2725
block_44 1000 500 5645 5535 6645 6035
block_45 800 625 1650 2125 2450 2750
block_46 800 625 800 3050 1600 3675
block_47 500 1000 5645 6160 6145 7160
block_48 625 800 4225 4425 4850 5225
block_49 500 1000 5645 4410 6145 5410
block_50 960 625 3350 3800 4310 4425
block_51 800 750 3995 2850 4795 3600
block_52 960 625 1600 3050 2560 3675
block_53 625 960 4150 6225 4775 7185
block_54 800 750 800 5100 1600 5850
block_55 625 960 7995 0 8620 960
block_56 625 960 3350 6225 3975 7185
block_57 960 625 0 7975 960 8600
block_58 750 800 2600 6475 3350 7275
block_59 625 960 7570 4410 8195 5370
block_60 750 800 7245 0 7995 800
block_61 800 750 5020 3660 5820 4410
block_62 960 625 1800 5850 2760 6475
block_63 800 750 0 3050 800 3800
block_64 800 750 1200 750 2000 1500
block_65 800 750 3995 0 4795 750
block_66 750 800 875 3800 1625 4600
block_67 800 750 0 2300 800 3050
block_68 625 960 5020 0 5645 960
block_69 750 800 500 1500 1250 2300
block_70 625 1120 7870 7585 8495 8705
block_71 875 800 0 3800 875 4600
block_72 625 1120 5645 7585 6270 8705
block_73 800 875 6445 0 7245 875
block_74 625 1120 5020 4410 5645 5530
block_75 875 800 3350 4425 4225 5225
block_76 1120 625 6145 6960 7265 7585
block_77 625 1120 5020 7585 5645 8705
block_78 625 1120 5020 5535 5645 6655
block_79 625 1120 6145 4410 6770 5530
block_80 875 800 800 6650 1675 7450
block_81 800 875 5645 0 6445 875
block_82 875 800 800 5850 1675 6650
block_83 800 875 1800 6475 2600 7350
block_84 800 875 4150 7185 4950 8060
block_85 1120 625 6645 5535 7765 6160
block_86 800 1000 4150 5225 4950 6225
block_87 800 1000 6270 7585 7070 8585
block_88 1000 800 7020 960 8020 1760
block_89 800 1000 7620 1760 8420 2760
block_90 1000 800 3995 2050 4995 2850
block_91 800 1000 3350 5225 4150 6225
block_92 800 1000 5820 1760 6620 2760
block_93 1000 800 6020 960 7020 1760
block_94 800 1000 5020 1760 5820 2760
block_95 1000 900 6420 3260 7420 4160
block_96 800 1125 6770 4410 7570 5535
block_97 800 1125 7070 7585 7870 8710
block_98 1000 900 5020 2760 6020 3660
block_99 1250 800 6145 6160 7395 6960
